<?xml version="1.0" encoding="UTF-8"?>
<!-- Generated by org.testng.reporters.JUnitReportReporter -->
<testsuite hostname="DESKTOP-UPF6FK7" failures="0" tests="1" name="TestCase.TC_01_loginpage" time="1.332" errors="0" timestamp="2024-10-09T12:37:51 IST" skipped="0">
  <testcase classname="TestCase.TC_01_loginpage" name="setLogin" time="1.332"/>
  <system-out/>
</testsuite> <!-- TestCase.TC_01_loginpage -->
